<?xml version="1.0" encoding="UTF-8"?>
<!-- Generated by org.testng.reporters.JUnitReportReporter -->
<testsuite hostname="Ashishba-W7" name="com.mobileauto.test.SelendroidCapabilitiesTest" tests="2" failures="0" timestamp="16 Apr 2015 09:22:31 GMT" time="121.638" errors="0">
  <testcase name="MobileWeb" time="90.384" classname="com.mobileauto.test.SelendroidCapabilitiesTest"/>
  <testcase name="APKTest" time="31.254" classname="com.mobileauto.test.SelendroidCapabilitiesTest"/>
</testsuite> <!-- com.mobileauto.test.SelendroidCapabilitiesTest -->
